<?xml version="1.0" encoding="UTF-8"?>
<!-- Generated by org.testng.reporters.JUnitReportReporter -->
<testsuite hostname="KGRAKOVA2-MAC.local" failures="0" tests="1" name="final_task.amazon.FailedEmailTest" time="4.275" errors="0" timestamp="2023-10-20T21:32:51 CEST" skipped="0">
  <testcase classname="final_task.amazon.FailedEmailTest" name="loginWithIncorrectEmail" time="4.275"/>
  <system-out/>
</testsuite> <!-- final_task.amazon.FailedEmailTest -->
